<?xml version="1.0" encoding="UTF-8"?>
<testsuite name="com.gradle.demo.TwelveDaysTest" tests="15" skipped="0" failures="0" errors="0" timestamp="2022-06-07T15:54:25" hostname="KRUPASREE" time="0.089">
  <properties/>
  <testcase name="testVerseEight()" classname="com.gradle.demo.TwelveDaysTest" time="0.037"/>
  <testcase name="testVerseSeven()" classname="com.gradle.demo.TwelveDaysTest" time="0.002"/>
  <testcase name="testVerseThree()" classname="com.gradle.demo.TwelveDaysTest" time="0.003"/>
  <testcase name="testVerseOne()" classname="com.gradle.demo.TwelveDaysTest" time="0.002"/>
  <testcase name="testVerseSix()" classname="com.gradle.demo.TwelveDaysTest" time="0.002"/>
  <testcase name="testVerseTen()" classname="com.gradle.demo.TwelveDaysTest" time="0.002"/>
  <testcase name="testVerseTwo()" classname="com.gradle.demo.TwelveDaysTest" time="0.003"/>
  <testcase name="testVerseFive()" classname="com.gradle.demo.TwelveDaysTest" time="0.001"/>
  <testcase name="testVerseFour()" classname="com.gradle.demo.TwelveDaysTest" time="0.001"/>
  <testcase name="testVerseNine()" classname="com.gradle.demo.TwelveDaysTest" time="0.001"/>
  <testcase name="testVerseEleven()" classname="com.gradle.demo.TwelveDaysTest" time="0.001"/>
  <testcase name="testVerseTwelve()" classname="com.gradle.demo.TwelveDaysTest" time="0.001"/>
  <testcase name="testFirstThreeVerses()" classname="com.gradle.demo.TwelveDaysTest" time="0.002"/>
  <testcase name="testSingWholeSong()" classname="com.gradle.demo.TwelveDaysTest" time="0.003"/>
  <testcase name="testFourthToSixthVerses()" classname="com.gradle.demo.TwelveDaysTest" time="0.002"/>
  <system-out><![CDATA[]]></system-out>
  <system-err><![CDATA[]]></system-err>
</testsuite>
